PREHOOK: query: explain select key, count(*) from src group by key order by key limit 100
PREHOOK: type: QUERY
POSTHOOK: query: explain select key, count(*) from src group by key order by key limit 100
POSTHOOK: type: QUERY
STAGE DEPENDENCIES:
  Stage-1 is a root stage
  Stage-0 depends on stages: Stage-1

STAGE PLANS:
  Stage: Stage-1
    Spark
      Edges:
        Reducer 2 <- Map 1 (GROUP, 2)
        Reducer 3 <- Reducer 2 (SORT, 1)
#### A masked pattern was here ####
      Vertices:
        Map 1 
            Map Operator Tree:
                TableScan
                  alias: src
                  Statistics: Num rows: 500 Data size: 5312 Basic stats: COMPLETE Column stats: NONE
                  Select Operator
                    expressions: key (type: string)
                    outputColumnNames: key
                    Statistics: Num rows: 500 Data size: 5312 Basic stats: COMPLETE Column stats: NONE
                    Group By Operator
                      aggregations: count()
                      keys: key (type: string)
                      mode: hash
                      outputColumnNames: _col0, _col1
                      Statistics: Num rows: 500 Data size: 5312 Basic stats: COMPLETE Column stats: NONE
                      Reduce Output Operator
                        key expressions: _col0 (type: string)
                        sort order: +
                        Map-reduce partition columns: _col0 (type: string)
                        Statistics: Num rows: 500 Data size: 5312 Basic stats: COMPLETE Column stats: NONE
                        TopN Hash Memory Usage: 0.1
                        value expressions: _col1 (type: bigint)
            Execution mode: vectorized
        Reducer 2 
            Execution mode: vectorized
            Reduce Operator Tree:
              Group By Operator
                aggregations: count(VALUE._col0)
                keys: KEY._col0 (type: string)
                mode: mergepartial
                outputColumnNames: _col0, _col1
                Statistics: Num rows: 250 Data size: 2656 Basic stats: COMPLETE Column stats: NONE
                Reduce Output Operator
                  key expressions: _col0 (type: string)
                  sort order: +
                  Statistics: Num rows: 250 Data size: 2656 Basic stats: COMPLETE Column stats: NONE
                  TopN Hash Memory Usage: 0.1
                  value expressions: _col1 (type: bigint)
        Reducer 3 
            Execution mode: vectorized
            Reduce Operator Tree:
              Select Operator
                expressions: KEY.reducesinkkey0 (type: string), VALUE._col0 (type: bigint)
                outputColumnNames: _col0, _col1
                Statistics: Num rows: 250 Data size: 2656 Basic stats: COMPLETE Column stats: NONE
                Limit
                  Number of rows: 100
                  Statistics: Num rows: 100 Data size: 1000 Basic stats: COMPLETE Column stats: NONE
                  File Output Operator
                    compressed: false
                    Statistics: Num rows: 100 Data size: 1000 Basic stats: COMPLETE Column stats: NONE
                    table:
                        input format: org.apache.hadoop.mapred.SequenceFileInputFormat
                        output format: org.apache.hadoop.hive.ql.io.HiveSequenceFileOutputFormat
                        serde: org.apache.hadoop.hive.serde2.lazy.LazySimpleSerDe

  Stage: Stage-0
    Fetch Operator
      limit: 100
      Processor Tree:
        ListSink

PREHOOK: query: select key, count(*) from src group by key order by key limit 100
PREHOOK: type: QUERY
PREHOOK: Input: default@src
PREHOOK: Output: hdfs://### HDFS PATH ###
POSTHOOK: query: select key, count(*) from src group by key order by key limit 100
POSTHOOK: type: QUERY
POSTHOOK: Input: default@src
POSTHOOK: Output: hdfs://### HDFS PATH ###
0	3
10	1
100	2
103	2
104	2
105	1
11	1
111	1
113	2
114	1
116	1
118	2
119	3
12	2
120	2
125	2
126	1
128	3
129	2
131	1
133	1
134	2
136	1
137	2
138	4
143	1
145	1
146	2
149	2
15	2
150	1
152	2
153	1
155	1
156	1
157	1
158	1
160	1
162	1
163	1
164	2
165	2
166	1
167	3
168	1
169	4
17	1
170	1
172	2
174	2
175	2
176	2
177	1
178	1
179	2
18	2
180	1
181	1
183	1
186	1
187	3
189	1
19	1
190	1
191	2
192	1
193	3
194	1
195	2
196	1
197	2
199	3
2	1
20	1
200	2
201	1
202	1
203	2
205	2
207	2
208	3
209	2
213	2
214	1
216	2
217	2
218	1
219	2
221	2
222	1
223	2
224	2
226	1
228	1
229	2
230	5
233	2
235	1
237	2
238	2
